<?xml version="1.0" encoding="UTF-8" ?>
<testsuite failures="0" time="4.000000" errors="1" skipped="1" tests="3" name="TestSuite Name" group="Project Name">
  <properties>
    <property name="java.runtime.name" value="Java(TM) SE Runtime Environment"/>
    <property name="sun.boot.library.path" value="/System/Library/Java/JavaVirtualMachines/1.6.0.jdk/Contents/Libraries"/>
    <property name="java.vm.version" value="20.14-b01-445"/>
    <property name="awt.nativeDoubleBuffering" value="true"/>
    <property name="gopherProxySet" value="false"/>
    <property name="mrj.build" value="11M4107"/>
    <property name="java.vm.vendor" value="Apple Inc."/>
    <property name="java.vendor.url" value="http://www.apple.com/"/>
    <property name="path.separator" value=":"/>
    <property name="java.vm.name" value="Java HotSpot(TM) 64-Bit Server VM"/>
    <property name="file.encoding.pkg" value="sun.io"/>
    <property name="user.country" value="US"/>
    <property name="sun.java.launcher" value="SUN_STANDARD"/>
    <property name="sun.os.patch.level" value="unknown"/>
    <property name="java.vm.specification.name" value="Java Virtual Machine Specification"/>
    <property name="user.dir" value="/Users/miguel/Workspace/jubula-maven-plugin"/>
    <property name="java.runtime.version" value="1.6.0_41-b02-445-11M4107"/>
    <property name="java.awt.graphicsenv" value="apple.awt.CGraphicsEnvironment"/>
    <property name="java.endorsed.dirs" value="/System/Library/Java/JavaVirtualMachines/1.6.0.jdk/Contents/Home/lib/endorsed"/>
    <property name="os.arch" value="x86_64"/>
    <property name="java.io.tmpdir" value="/var/folders/mm/t94qg8q95kg81m5g086b4p800000gn/T/"/>
    <property name="line.separator" value="&#10;"/>
    <property name="java.vm.specification.vendor" value="Sun Microsystems Inc."/>
    <property name="os.name" value="Mac OS X"/>
    <property name="sun.jnu.encoding" value="MacRoman"/>
    <property name="java.library.path" value=".:/Library/Java/Extensions:/System/Library/Java/Extensions:/usr/lib/java"/>
    <property name="java.specification.name" value="Java Platform API Specification"/>
    <property name="java.class.version" value="50.0"/>
    <property name="sun.management.compiler" value="HotSpot 64-Bit Tiered Compilers"/>
    <property name="os.version" value="10.8"/>
    <property name="http.nonProxyHosts" value="local|*.local|169.254/16|*.169.254/16"/>
    <property name="user.home" value="/Users/miguel"/>
    <property name="user.timezone" value=""/>
    <property name="java.awt.printerjob" value="apple.awt.CPrinterJob"/>
    <property name="java.specification.version" value="1.6"/>
    <property name="file.encoding" value="UTF-8"/>
    <property name="user.name" value="miguel"/>
    <property name="java.class.path" value="/Users/miguel/Workspace/jubula-maven-plugin/target/test-classes:/Users/miguel/Workspace/jubula-maven-plugin/target/classes:/Users/miguel/.m2/repository/org/sonatype/aether/aether-api/1.12/aether-api-1.12.jar:/Users/miguel/.m2/repository/org/sonatype/aether/aether-util/1.12/aether-util-1.12.jar:/Users/miguel/.m2/repository/org/apache/maven/maven-core/3.0.3/maven-core-3.0.3.jar:/Users/miguel/.m2/repository/org/apache/maven/maven-model/3.0.3/maven-model-3.0.3.jar:/Users/miguel/.m2/repository/org/apache/maven/maven-settings/3.0.3/maven-settings-3.0.3.jar:/Users/miguel/.m2/repository/org/apache/maven/maven-settings-builder/3.0.3/maven-settings-builder-3.0.3.jar:/Users/miguel/.m2/repository/org/apache/maven/maven-repository-metadata/3.0.3/maven-repository-metadata-3.0.3.jar:/Users/miguel/.m2/repository/org/apache/maven/maven-artifact/3.0.3/maven-artifact-3.0.3.jar:/Users/miguel/.m2/repository/org/apache/maven/maven-model-builder/3.0.3/maven-model-builder-3.0.3.jar:/Users/miguel/.m2/repository/org/apache/maven/maven-aether-provider/3.0.3/maven-aether-provider-3.0.3.jar:/Users/miguel/.m2/repository/org/sonatype/aether/aether-spi/1.11/aether-spi-1.11.jar:/Users/miguel/.m2/repository/org/sonatype/aether/aether-impl/1.11/aether-impl-1.11.jar:/Users/miguel/.m2/repository/org/sonatype/sisu/sisu-inject-plexus/2.1.1/sisu-inject-plexus-2.1.1.jar:/Users/miguel/.m2/repository/org/sonatype/sisu/sisu-inject-bean/2.1.1/sisu-inject-bean-2.1.1.jar:/Users/miguel/.m2/repository/org/sonatype/sisu/sisu-guice/2.9.4/sisu-guice-2.9.4-no_aop.jar:/Users/miguel/.m2/repository/org/codehaus/plexus/plexus-interpolation/1.14/plexus-interpolation-1.14.jar:/Users/miguel/.m2/repository/org/codehaus/plexus/plexus-utils/2.0.6/plexus-utils-2.0.6.jar:/Users/miguel/.m2/repository/org/codehaus/plexus/plexus-classworlds/2.4/plexus-classworlds-2.4.jar:/Users/miguel/.m2/repository/org/codehaus/plexus/plexus-component-annotations/1.5.5/plexus-component-annotations-1.5.5.jar:/Users/miguel/.m2/repository/org/sonatype/plexus/plexus-sec-dispatcher/1.3/plexus-sec-dispatcher-1.3.jar:/Users/miguel/.m2/repository/org/sonatype/plexus/plexus-cipher/1.4/plexus-cipher-1.4.jar:/Users/miguel/.m2/repository/org/apache/maven/maven-plugin-api/3.0.3/maven-plugin-api-3.0.3.jar:/Users/miguel/.m2/repository/org/apache/commons/commons-io/1.3.2/commons-io-1.3.2.jar:/Users/miguel/.m2/repository/org/codehaus/plexus/plexus-archiver/2.1/plexus-archiver-2.1.jar:/Users/miguel/.m2/repository/org/codehaus/plexus/plexus-container-default/1.0-alpha-9-stable-1/plexus-container-default-1.0-alpha-9-stable-1.jar:/Users/miguel/.m2/repository/classworlds/classworlds/1.1-alpha-2/classworlds-1.1-alpha-2.jar:/Users/miguel/.m2/repository/org/codehaus/plexus/plexus-io/2.0.2/plexus-io-2.0.2.jar:/Users/miguel/.m2/repository/org/apache/commons/commons-exec/1.1/commons-exec-1.1.jar:/Users/miguel/.m2/repository/dom4j/dom4j/1.6.1/dom4j-1.6.1.jar:/Users/miguel/.m2/repository/xml-apis/xml-apis/1.0.b2/xml-apis-1.0.b2.jar:/Users/miguel/.m2/repository/jaxen/jaxen/1.1.4/jaxen-1.1.4.jar:/Users/miguel/.m2/repository/org/mockito/mockito-all/1.9.0/mockito-all-1.9.0.jar:/Users/miguel/.m2/repository/org/apache/maven/shared/maven-verifier/1.3/maven-verifier-1.3.jar:/Users/miguel/.m2/repository/org/apache/maven/plugin-testing/maven-plugin-testing-harness/1.2/maven-plugin-testing-harness-1.2.jar:/Users/miguel/.m2/repository/org/apache/maven/maven-project/2.0/maven-project-2.0.jar:/Users/miguel/.m2/repository/org/apache/maven/maven-profile/2.0/maven-profile-2.0.jar:/Users/miguel/.m2/repository/org/apache/maven/maven-artifact-manager/2.0/maven-artifact-manager-2.0.jar:/Users/miguel/.m2/repository/org/apache/maven/wagon/wagon-provider-api/1.0-alpha-5/wagon-provider-api-1.0-alpha-5.jar:/Users/miguel/.m2/repository/junit/junit/4.9/junit-4.9.jar:/Users/miguel/.m2/repository/org/hamcrest/hamcrest-core/1.1/hamcrest-core-1.1.jar:/Users/miguel/.m2/repository/org/apache/maven/surefire/surefire-api/2.4.3/surefire-api-2.4.3.jar:/Users/miguel/Downloads/eclipse/configuration/org.eclipse.osgi/bundles/350/1/.cp/:/Users/miguel/Downloads/eclipse/configuration/org.eclipse.osgi/bundles/349/1/.cp/"/>
    <property name="java.vm.specification.version" value="1.0"/>
    <property name="sun.arch.data.model" value="64"/>
    <property name="java.home" value="/System/Library/Java/JavaVirtualMachines/1.6.0.jdk/Contents/Home"/>
    <property name="sun.java.command" value="org.eclipse.jdt.internal.junit.runner.RemoteTestRunner -version 3 -port 64689 -testLoaderClass org.eclipse.jdt.internal.junit4.runner.JUnit4TestLoader -loaderpluginname org.eclipse.jdt.junit4.runtime -testNameFile /var/folders/mm/t94qg8q95kg81m5g086b4p800000gn/T/testNames681871477247534405.txt"/>
    <property name="java.specification.vendor" value="Sun Microsystems Inc."/>
    <property name="user.language" value="en"/>
    <property name="awt.toolkit" value="apple.awt.CToolkit"/>
    <property name="java.vm.info" value="mixed mode"/>
    <property name="java.version" value="1.6.0_41"/>
    <property name="java.ext.dirs" value="/Library/Java/Extensions:/System/Library/Java/Extensions:/System/Library/Java/JavaVirtualMachines/1.6.0.jdk/Contents/Home/lib/ext"/>
    <property name="sun.boot.class.path" value="/System/Library/Java/JavaVirtualMachines/1.6.0.jdk/Contents/Classes/jsfd.jar:/System/Library/Java/JavaVirtualMachines/1.6.0.jdk/Contents/Classes/classes.jar:/System/Library/Frameworks/JavaVM.framework/Frameworks/JavaRuntimeSupport.framework/Resources/Java/JavaRuntimeSupport.jar:/System/Library/Java/JavaVirtualMachines/1.6.0.jdk/Contents/Classes/ui.jar:/System/Library/Java/JavaVirtualMachines/1.6.0.jdk/Contents/Classes/laf.jar:/System/Library/Java/JavaVirtualMachines/1.6.0.jdk/Contents/Classes/sunrsasign.jar:/System/Library/Java/JavaVirtualMachines/1.6.0.jdk/Contents/Classes/jsse.jar:/System/Library/Java/JavaVirtualMachines/1.6.0.jdk/Contents/Classes/jce.jar:/System/Library/Java/JavaVirtualMachines/1.6.0.jdk/Contents/Classes/charsets.jar"/>
    <property name="java.vendor" value="Apple Inc."/>
    <property name="file.separator" value="/"/>
    <property name="java.vendor.url.bug" value="http://bugreport.apple.com/"/>
    <property name="sun.cpu.endian" value="little"/>
    <property name="sun.io.unicode.encoding" value="UnicodeLittle"/>
    <property name="mrj.version" value="1070.1.6.0_41-445"/>
    <property name="socksNonProxyHosts" value="local|*.local|169.254/16|*.169.254/16"/>
    <property name="ftp.nonProxyHosts" value="local|*.local|169.254/16|*.169.254/16"/>
    <property name="sun.cpu.isalist" value=""/>
  </properties>
  <testcase time="11088.000000" classname="" name="TestCase Name1" group="TestSuite Name"/>
  <testcase time="3.000000" classname="" name="TestCase Name2" group="TestSuite Name">
    <error/>
    <system-out>Undefined Error</system-out>
    <system-err>Undefined Error</system-err>
  </testcase>
  <testcase time="3.000000" classname="" name="TestCase Name3" group="TestSuite Name">
    <skipped/>
  </testcase>
</testsuite>