<?xml version="1.0" encoding="UTF-8" ?>
<testsuite failures="0" time="4.000000" errors="1" skipped="1" tests="3" name="TestReporter" group="Project Name">
  <testcase time="11088.000000" classname="" name="TestCase Name1" group="TestReporter"/>
  <testcase time="3.000000" classname="" name="TestCase Name2" group="TestReporter">
    <error/>
    <system-out>Undefined Error</system-out>
    <system-err>Undefined Error</system-err>
  </testcase>
  <testcase time="3.000000" classname="" name="TestCase Name3" group="TestReporter">
    <skipped/>
  </testcase>
</testsuite>