<?xml version="1.0" encoding="UTF-8" ?>
<testsuite failures="0" time="11,088" errors="0" skipped="0" tests="13" name="Sanity Tests" group="MuleStudio 1.0">
  <testcase time="0" classname="" name="Not Provided" group="Sanity Tests"/>
  <testcase time="0" classname="" name="Create Project via Menu " group="Sanity Tests"/>
  <testcase time="0" classname="" name="Not Provided" group="Sanity Tests"/>
  <testcase time="0" classname="" name="Basic Usage " group="Sanity Tests"/>
  <testcase time="0" classname="" name="Create Templates " group="Sanity Tests"/>
  <testcase time="0" classname="" name="Create Templates " group="Sanity Tests"/>
  <testcase time="0" classname="" name="Not Provided" group="Sanity Tests"/>
  <testcase time="0" classname="" name="Not Provided" group="Sanity Tests"/>
  <testcase time="0" classname="" name="Not Provided" group="Sanity Tests"/>
  <testcase time="0" classname="" name="Not Provided" group="Sanity Tests"/>
  <testcase time="0" classname="" name="Not Provided" group="Sanity Tests"/>
  <testcase time="0" classname="" name="Not Provided" group="Sanity Tests"/>
  <testcase time="0" classname="" name="Not Provided" group="Sanity Tests"/>
</testsuite>